{"level":"info","message":"Transformation applied","originalPreview":"john...","path":"email","service":"json-obfuscator","strategy":"mask","timestamp":"2026-04-02T21:23:46.102Z"}
{"level":"info","message":"Transformation applied","originalPreview":"123-...","path":"ssn","service":"json-obfuscator","strategy":"redact","timestamp":"2026-04-02T21:23:46.106Z"}
{"level":"info","message":"Transformation applied","originalPreview":"4111...","path":"cardNumber","service":"json-obfuscator","strategy":"mask","timestamp":"2026-04-02T21:23:46.106Z"}
{"level":"info","message":"Transformation applied","originalPreview":"1110...","path":"routingNumber","service":"json-obfuscator","strategy":"redact","timestamp":"2026-04-02T21:23:46.107Z"}
{"level":"info","message":"Transformation applied","originalPreview":"sara...","path":"email","service":"json-obfuscator","strategy":"mask","timestamp":"2026-04-02T21:23:46.107Z"}
{"level":"info","message":"Transformation applied","originalPreview":"john...","path":"email","service":"json-obfuscator","strategy":"mask","timestamp":"2026-04-02T21:24:45.419Z"}
{"level":"info","message":"Transformation applied","originalPreview":"123-...","path":"ssn","service":"json-obfuscator","strategy":"redact","timestamp":"2026-04-02T21:24:45.419Z"}
{"level":"info","message":"Transformation applied","originalPreview":"4111...","path":"cardNumber","service":"json-obfuscator","strategy":"mask","timestamp":"2026-04-02T21:24:45.419Z"}
{"level":"info","message":"Transformation applied","originalPreview":"1110...","path":"routingNumber","service":"json-obfuscator","strategy":"redact","timestamp":"2026-04-02T21:24:45.420Z"}
{"level":"info","message":"Transformation applied","originalPreview":"sara...","path":"email","service":"json-obfuscator","strategy":"mask","timestamp":"2026-04-02T21:24:45.420Z"}
{"level":"info","message":"Transformation applied","originalPreview":"john...","path":"email","service":"json-obfuscator","strategy":"mask","timestamp":"2026-04-02T21:25:38.734Z"}
{"level":"info","message":"Transformation applied","originalPreview":"123-...","path":"ssn","service":"json-obfuscator","strategy":"redact","timestamp":"2026-04-02T21:25:38.734Z"}
{"level":"info","message":"Transformation applied","originalPreview":"4111...","path":"cardNumber","service":"json-obfuscator","strategy":"mask","timestamp":"2026-04-02T21:25:38.735Z"}
{"level":"info","message":"Transformation applied","originalPreview":"1110...","path":"routingNumber","service":"json-obfuscator","strategy":"redact","timestamp":"2026-04-02T21:25:38.735Z"}
{"level":"info","message":"Transformation applied","originalPreview":"sara...","path":"email","service":"json-obfuscator","strategy":"mask","timestamp":"2026-04-02T21:25:38.735Z"}
{"level":"info","message":"Transformation applied","originalPreview":"john...","path":"email","service":"json-obfuscator","strategy":"mask","timestamp":"2026-04-02T21:26:01.294Z"}
{"level":"info","message":"Transformation applied","originalPreview":"+1-7...","path":"phone","service":"json-obfuscator","strategy":"redact","timestamp":"2026-04-02T21:26:01.295Z"}
{"level":"info","message":"Transformation applied","originalPreview":"123-...","path":"ssn","service":"json-obfuscator","strategy":"redact","timestamp":"2026-04-02T21:26:01.295Z"}
{"level":"info","message":"Transformation applied","originalPreview":"4111...","path":"cardNumber","service":"json-obfuscator","strategy":"mask","timestamp":"2026-04-02T21:26:01.295Z"}
{"level":"info","message":"Transformation applied","originalPreview":"1110...","path":"routingNumber","service":"json-obfuscator","strategy":"redact","timestamp":"2026-04-02T21:26:01.295Z"}
{"level":"info","message":"Transformation applied","originalPreview":"sara...","path":"email","service":"json-obfuscator","strategy":"mask","timestamp":"2026-04-02T21:26:01.296Z"}
{"level":"info","message":"Transformation applied","originalPreview":"user...","path":"email","service":"json-obfuscator","strategy":"mask","timestamp":"2026-04-02T21:34:02.621Z"}
{"level":"info","message":"Transformation applied","originalPreview":"123-...","path":"ssn","service":"json-obfuscator","strategy":"redact","timestamp":"2026-04-02T21:34:02.622Z"}
{"level":"info","message":"Transformation applied","originalPreview":"john...","path":"email","service":"json-obfuscator","strategy":"mask","timestamp":"2026-04-02T21:37:26.172Z"}
{"level":"info","message":"Transformation applied","originalPreview":"123-...","path":"ssn","service":"json-obfuscator","strategy":"redact","timestamp":"2026-04-02T21:37:26.172Z"}
{"level":"info","message":"Transformation applied","originalPreview":"4111...","path":"cardNumber","service":"json-obfuscator","strategy":"mask","timestamp":"2026-04-02T21:37:26.172Z"}
{"level":"info","message":"Transformation applied","originalPreview":"1110...","path":"routingNumber","service":"json-obfuscator","strategy":"redact","timestamp":"2026-04-02T21:37:26.172Z"}
{"level":"info","message":"Transformation applied","originalPreview":"sara...","path":"email","service":"json-obfuscator","strategy":"mask","timestamp":"2026-04-02T21:37:26.172Z"}
{"level":"info","message":"Transformation applied","originalPreview":"john...","path":"email","service":"json-obfuscator","strategy":"mask","timestamp":"2026-04-02T21:38:49.731Z"}
{"level":"info","message":"Transformation applied","originalPreview":"123-...","path":"ssn","service":"json-obfuscator","strategy":"redact","timestamp":"2026-04-02T21:38:49.731Z"}
{"level":"info","message":"Transformation applied","originalPreview":"4111...","path":"cardNumber","service":"json-obfuscator","strategy":"mask","timestamp":"2026-04-02T21:38:49.731Z"}
{"level":"info","message":"Transformation applied","originalPreview":"1110...","path":"routingNumber","service":"json-obfuscator","strategy":"redact","timestamp":"2026-04-02T21:38:49.731Z"}
{"level":"info","message":"Transformation applied","originalPreview":"sara...","path":"email","service":"json-obfuscator","strategy":"mask","timestamp":"2026-04-02T21:38:49.732Z"}
{"level":"info","message":"Transformation applied","originalPreview":"john...","path":"email","service":"json-obfuscator","strategy":"mask","timestamp":"2026-04-02T21:42:30.751Z"}
{"level":"info","message":"Transformation applied","originalPreview":"123-...","path":"ssn","service":"json-obfuscator","strategy":"redact","timestamp":"2026-04-02T21:42:30.751Z"}
{"level":"info","message":"Transformation applied","originalPreview":"4111...","path":"cardNumber","service":"json-obfuscator","strategy":"mask","timestamp":"2026-04-02T21:42:30.751Z"}
{"level":"info","message":"Transformation applied","originalPreview":"1110...","path":"routingNumber","service":"json-obfuscator","strategy":"redact","timestamp":"2026-04-02T21:42:30.751Z"}
{"level":"info","message":"Transformation applied","originalPreview":"sara...","path":"email","service":"json-obfuscator","strategy":"mask","timestamp":"2026-04-02T21:42:30.751Z"}
{"level":"info","message":"Transformation applied","originalPreview":"john...","path":"email","service":"json-obfuscator","strategy":"mask","timestamp":"2026-04-02T21:42:32.046Z"}
{"level":"info","message":"Transformation applied","originalPreview":"123-...","path":"ssn","service":"json-obfuscator","strategy":"redact","timestamp":"2026-04-02T21:42:32.046Z"}
{"level":"info","message":"Transformation applied","originalPreview":"4111...","path":"cardNumber","service":"json-obfuscator","strategy":"mask","timestamp":"2026-04-02T21:42:32.046Z"}
{"level":"info","message":"Transformation applied","originalPreview":"1110...","path":"routingNumber","service":"json-obfuscator","strategy":"redact","timestamp":"2026-04-02T21:42:32.046Z"}
{"level":"info","message":"Transformation applied","originalPreview":"sara...","path":"email","service":"json-obfuscator","strategy":"mask","timestamp":"2026-04-02T21:42:32.046Z"}
{"level":"info","message":"Transformation applied","originalPreview":"mySu...","path":"password","service":"json-obfuscator","strategy":"redact","timestamp":"2026-04-02T21:47:00.974Z"}
{"level":"info","message":"Transformation applied","originalPreview":"sk_l...","path":"apikey","service":"json-obfuscator","strategy":"redact","timestamp":"2026-04-02T21:47:00.976Z"}
{"level":"info","message":"Transformation applied","originalPreview":"jwt_...","path":"token","service":"json-obfuscator","strategy":"redact","timestamp":"2026-04-02T21:47:00.976Z"}
{"level":"info","message":"Transformation applied","originalPreview":"123...","path":"cvv","service":"json-obfuscator","strategy":"redact","timestamp":"2026-04-02T21:47:00.976Z"}
{"level":"info","message":"Transformation applied","originalPreview":"Conn...","path":"log","service":"json-obfuscator","strategy":"inline_masking","timestamp":"2026-04-02T21:47:00.978Z"}
{"level":"info","message":"Transformation applied","originalPreview":"mySu...","path":"password","service":"json-obfuscator","strategy":"redact","timestamp":"2026-04-02T21:47:22.662Z"}
{"level":"info","message":"Transformation applied","originalPreview":"sk_l...","path":"apikey","service":"json-obfuscator","strategy":"redact","timestamp":"2026-04-02T21:47:22.664Z"}
{"level":"info","message":"Transformation applied","originalPreview":"jwt_...","path":"token","service":"json-obfuscator","strategy":"redact","timestamp":"2026-04-02T21:47:22.664Z"}
{"level":"info","message":"Transformation applied","originalPreview":"123...","path":"cvv","service":"json-obfuscator","strategy":"redact","timestamp":"2026-04-02T21:47:22.664Z"}
{"level":"info","message":"Transformation applied","originalPreview":"Conn...","path":"log","service":"json-obfuscator","strategy":"inline_masking","timestamp":"2026-04-02T21:47:22.666Z"}
{"level":"info","message":"Transformation applied","originalPreview":"Char...","path":"paymentLog","service":"json-obfuscator","strategy":"inline_masking","timestamp":"2026-04-02T21:47:22.667Z"}
{"level":"info","message":"Transformation applied","originalPreview":"mySu...","path":"password","service":"json-obfuscator","strategy":"redact","timestamp":"2026-04-02T21:47:48.984Z"}
{"level":"info","message":"Transformation applied","originalPreview":"sk_l...","path":"apikey","service":"json-obfuscator","strategy":"redact","timestamp":"2026-04-02T21:47:48.986Z"}
{"level":"info","message":"Transformation applied","originalPreview":"jwt_...","path":"token","service":"json-obfuscator","strategy":"redact","timestamp":"2026-04-02T21:47:48.986Z"}
{"level":"info","message":"Transformation applied","originalPreview":"123...","path":"cvv","service":"json-obfuscator","strategy":"redact","timestamp":"2026-04-02T21:47:48.986Z"}
{"level":"info","message":"Transformation applied","originalPreview":"Conn...","path":"log","service":"json-obfuscator","strategy":"inline_masking","timestamp":"2026-04-02T21:47:48.987Z"}
{"level":"info","message":"Transformation applied","originalPreview":"Char...","path":"paymentLog","service":"json-obfuscator","strategy":"inline_masking","timestamp":"2026-04-02T21:47:48.988Z"}
{"level":"info","message":"Transformation applied","originalPreview":"john...","path":"email","service":"json-obfuscator","strategy":"mask","timestamp":"2026-04-02T21:49:08.914Z"}
{"level":"info","message":"Transformation applied","originalPreview":"123-...","path":"ssn","service":"json-obfuscator","strategy":"redact","timestamp":"2026-04-02T21:49:08.914Z"}
{"level":"info","message":"Transformation applied","originalPreview":"4111...","path":"cardNumber","service":"json-obfuscator","strategy":"mask","timestamp":"2026-04-02T21:49:08.914Z"}
{"level":"info","message":"Transformation applied","originalPreview":"1110...","path":"routingNumber","service":"json-obfuscator","strategy":"redact","timestamp":"2026-04-02T21:49:08.914Z"}
{"level":"info","message":"Transformation applied","originalPreview":"sara...","path":"email","service":"json-obfuscator","strategy":"mask","timestamp":"2026-04-02T21:49:08.914Z"}
{"level":"info","message":"Transformation applied","originalPreview":"john...","path":"email","service":"json-obfuscator","strategy":"mask","timestamp":"2026-04-02T21:49:46.175Z"}
{"level":"info","message":"Transformation applied","originalPreview":"123-...","path":"ssn","service":"json-obfuscator","strategy":"redact","timestamp":"2026-04-02T21:49:46.175Z"}
{"level":"info","message":"Transformation applied","originalPreview":"4111...","path":"cardNumber","service":"json-obfuscator","strategy":"mask","timestamp":"2026-04-02T21:49:46.175Z"}
{"level":"info","message":"Transformation applied","originalPreview":"1110...","path":"routingNumber","service":"json-obfuscator","strategy":"redact","timestamp":"2026-04-02T21:49:46.175Z"}
{"level":"info","message":"Transformation applied","originalPreview":"sara...","path":"email","service":"json-obfuscator","strategy":"mask","timestamp":"2026-04-02T21:49:46.175Z"}
{"level":"info","message":"Transformation applied","originalPreview":"john...","path":"email","service":"json-obfuscator","strategy":"mask","timestamp":"2026-04-02T21:49:54.421Z"}
{"level":"info","message":"Transformation applied","originalPreview":"123-...","path":"ssn","service":"json-obfuscator","strategy":"redact","timestamp":"2026-04-02T21:49:54.421Z"}
{"level":"info","message":"Transformation applied","originalPreview":"4111...","path":"cardNumber","service":"json-obfuscator","strategy":"mask","timestamp":"2026-04-02T21:49:54.421Z"}
{"level":"info","message":"Transformation applied","originalPreview":"1110...","path":"routingNumber","service":"json-obfuscator","strategy":"redact","timestamp":"2026-04-02T21:49:54.421Z"}
{"level":"info","message":"Transformation applied","originalPreview":"sara...","path":"email","service":"json-obfuscator","strategy":"mask","timestamp":"2026-04-02T21:49:54.421Z"}
{"level":"info","message":"Transformation applied","originalPreview":"john...","path":"email","service":"json-obfuscator","strategy":"mask","timestamp":"2026-04-07T03:03:42.341Z"}
{"level":"info","message":"Transformation applied","originalPreview":"123-...","path":"ssn","service":"json-obfuscator","strategy":"redact","timestamp":"2026-04-07T03:03:42.342Z"}
{"level":"info","message":"Transformation applied","originalPreview":"4111...","path":"cardNumber","service":"json-obfuscator","strategy":"mask","timestamp":"2026-04-07T03:03:42.343Z"}
{"level":"info","message":"Transformation applied","originalPreview":"1110...","path":"routingNumber","service":"json-obfuscator","strategy":"redact","timestamp":"2026-04-07T03:03:42.343Z"}
{"level":"info","message":"Transformation applied","originalPreview":"sara...","path":"email","service":"json-obfuscator","strategy":"mask","timestamp":"2026-04-07T03:03:42.344Z"}
{"level":"info","message":"Transformation applied","originalPreview":"john...","path":"email","service":"json-obfuscator","strategy":"mask","timestamp":"2026-04-07T03:05:12.347Z"}
{"level":"info","message":"Transformation applied","originalPreview":"123-...","path":"ssn","service":"json-obfuscator","strategy":"redact","timestamp":"2026-04-07T03:05:12.347Z"}
{"level":"info","message":"Transformation applied","originalPreview":"4111...","path":"cardNumber","service":"json-obfuscator","strategy":"mask","timestamp":"2026-04-07T03:05:12.348Z"}
{"level":"info","message":"Transformation applied","originalPreview":"1110...","path":"routingNumber","service":"json-obfuscator","strategy":"redact","timestamp":"2026-04-07T03:05:12.348Z"}
{"level":"info","message":"Transformation applied","originalPreview":"sara...","path":"email","service":"json-obfuscator","strategy":"mask","timestamp":"2026-04-07T03:05:12.348Z"}
{"level":"info","message":"Transformation applied","originalPreview":"john...","path":"email","service":"json-obfuscator","strategy":"mask","timestamp":"2026-04-07T03:09:38.454Z"}
{"level":"info","message":"Transformation applied","originalPreview":"123-...","path":"ssn","service":"json-obfuscator","strategy":"redact","timestamp":"2026-04-07T03:09:38.455Z"}
{"level":"info","message":"Transformation applied","originalPreview":"4111...","path":"cardNumber","service":"json-obfuscator","strategy":"mask","timestamp":"2026-04-07T03:09:38.455Z"}
{"level":"info","message":"Transformation applied","originalPreview":"1110...","path":"routingNumber","service":"json-obfuscator","strategy":"redact","timestamp":"2026-04-07T03:09:38.455Z"}
{"level":"info","message":"Transformation applied","originalPreview":"sara...","path":"email","service":"json-obfuscator","strategy":"mask","timestamp":"2026-04-07T03:09:38.455Z"}
{"level":"info","message":"Transformation applied","originalPreview":"john...","path":"email","service":"json-obfuscator","strategy":"mask","timestamp":"2026-04-07T03:09:50.252Z"}
{"level":"info","message":"Transformation applied","originalPreview":"123-...","path":"ssn","service":"json-obfuscator","strategy":"redact","timestamp":"2026-04-07T03:09:50.253Z"}
{"level":"info","message":"Transformation applied","originalPreview":"4111...","path":"cardNumber","service":"json-obfuscator","strategy":"mask","timestamp":"2026-04-07T03:09:50.253Z"}
{"level":"info","message":"Transformation applied","originalPreview":"1110...","path":"routingNumber","service":"json-obfuscator","strategy":"redact","timestamp":"2026-04-07T03:09:50.253Z"}
{"level":"info","message":"Transformation applied","originalPreview":"sara...","path":"email","service":"json-obfuscator","strategy":"mask","timestamp":"2026-04-07T03:09:50.253Z"}
{"level":"info","message":"Transformation applied","originalPreview":"user...","path":"email","service":"json-obfuscator","strategy":"mask","timestamp":"2026-04-07T03:13:13.482Z"}
{"level":"info","message":"Transformation applied","originalPreview":"123-...","path":"ssn","service":"json-obfuscator","strategy":"redact","timestamp":"2026-04-07T03:13:13.484Z"}
{"level":"info","message":"Transformation applied","originalPreview":"John...","path":"name","service":"json-obfuscator","strategy":"fake","timestamp":"2026-04-07T03:13:57.909Z"}
{"level":"info","message":"Transformation applied","originalPreview":"john...","path":"email","service":"json-obfuscator","strategy":"mask","timestamp":"2026-04-07T03:13:57.965Z"}
{"level":"info","message":"Transformation applied","originalPreview":"123-...","path":"ssn","service":"json-obfuscator","strategy":"redact","timestamp":"2026-04-07T03:13:57.965Z"}
{"level":"info","message":"Transformation applied","originalPreview":"4111...","path":"cardNumber","service":"json-obfuscator","strategy":"mask","timestamp":"2026-04-07T03:13:57.965Z"}
{"level":"info","message":"Transformation applied","originalPreview":"1110...","path":"routingNumber","service":"json-obfuscator","strategy":"redact","timestamp":"2026-04-07T03:13:57.965Z"}
{"level":"info","message":"Transformation applied","originalPreview":"Sara...","path":"name","service":"json-obfuscator","strategy":"fake","timestamp":"2026-04-07T03:13:57.965Z"}
{"level":"info","message":"Transformation applied","originalPreview":"sara...","path":"email","service":"json-obfuscator","strategy":"mask","timestamp":"2026-04-07T03:13:57.966Z"}
{"level":"info","message":"Transformation applied","originalPreview":"John...","path":"name","service":"json-obfuscator","strategy":"fake","timestamp":"2026-04-07T03:14:21.906Z"}
{"level":"info","message":"Transformation applied","originalPreview":"john...","path":"email","service":"json-obfuscator","strategy":"mask","timestamp":"2026-04-07T03:14:21.907Z"}
{"level":"info","message":"Transformation applied","originalPreview":"123-...","path":"ssn","service":"json-obfuscator","strategy":"redact","timestamp":"2026-04-07T03:14:21.907Z"}
{"level":"info","message":"Transformation applied","originalPreview":"742 ...","path":"street","service":"json-obfuscator","strategy":"fake","timestamp":"2026-04-07T03:14:21.907Z"}
{"level":"info","message":"Transformation applied","originalPreview":"4111...","path":"cardNumber","service":"json-obfuscator","strategy":"mask","timestamp":"2026-04-07T03:14:21.912Z"}
{"level":"info","message":"Transformation applied","originalPreview":"742 ...","path":"street","service":"json-obfuscator","strategy":"fake","timestamp":"2026-04-07T03:14:21.913Z"}
{"level":"info","message":"Transformation applied","originalPreview":"1110...","path":"routingNumber","service":"json-obfuscator","strategy":"redact","timestamp":"2026-04-07T03:14:21.915Z"}
{"level":"info","message":"Transformation applied","originalPreview":"Sara...","path":"name","service":"json-obfuscator","strategy":"fake","timestamp":"2026-04-07T03:14:21.915Z"}
{"level":"info","message":"Transformation applied","originalPreview":"sara...","path":"email","service":"json-obfuscator","strategy":"mask","timestamp":"2026-04-07T03:14:21.917Z"}
{"level":"info","message":"Transformation applied","originalPreview":"John...","path":"name","service":"json-obfuscator","strategy":"fake","timestamp":"2026-04-07T03:16:32.397Z"}
{"level":"info","message":"Transformation applied","originalPreview":"john...","path":"email","service":"json-obfuscator","strategy":"mask","timestamp":"2026-04-07T03:16:32.399Z"}
{"level":"info","message":"Transformation applied","originalPreview":"123-...","path":"ssn","service":"json-obfuscator","strategy":"redact","timestamp":"2026-04-07T03:16:32.399Z"}
{"level":"info","message":"Transformation applied","originalPreview":"742 ...","path":"street","service":"json-obfuscator","strategy":"fake","timestamp":"2026-04-07T03:16:32.399Z"}
{"level":"info","message":"Transformation applied","originalPreview":"7700...","path":"zip","service":"json-obfuscator","strategy":"fake","timestamp":"2026-04-07T03:16:32.412Z"}
{"level":"info","message":"Transformation applied","originalPreview":"4111...","path":"cardNumber","service":"json-obfuscator","strategy":"mask","timestamp":"2026-04-07T03:16:32.413Z"}
{"level":"info","message":"Transformation applied","originalPreview":"742 ...","path":"street","service":"json-obfuscator","strategy":"fake","timestamp":"2026-04-07T03:16:32.413Z"}
{"level":"info","message":"Transformation applied","originalPreview":"7700...","path":"zip","service":"json-obfuscator","strategy":"fake","timestamp":"2026-04-07T03:16:32.414Z"}
{"level":"info","message":"Transformation applied","originalPreview":"1110...","path":"routingNumber","service":"json-obfuscator","strategy":"redact","timestamp":"2026-04-07T03:16:32.414Z"}
{"level":"info","message":"Transformation applied","originalPreview":"Sara...","path":"name","service":"json-obfuscator","strategy":"fake","timestamp":"2026-04-07T03:16:32.414Z"}
{"level":"info","message":"Transformation applied","originalPreview":"sara...","path":"email","service":"json-obfuscator","strategy":"mask","timestamp":"2026-04-07T03:16:32.414Z"}
{"level":"info","message":"Transformation applied","originalPreview":"John...","path":"name","service":"json-obfuscator","strategy":"fake","timestamp":"2026-04-07T03:17:08.933Z"}
{"level":"info","message":"Transformation applied","originalPreview":"john...","path":"email","service":"json-obfuscator","strategy":"mask","timestamp":"2026-04-07T03:17:08.936Z"}
{"level":"info","message":"Transformation applied","originalPreview":"123-...","path":"ssn","service":"json-obfuscator","strategy":"redact","timestamp":"2026-04-07T03:17:08.937Z"}
{"level":"info","message":"Transformation applied","originalPreview":"742 ...","path":"street","service":"json-obfuscator","strategy":"fake","timestamp":"2026-04-07T03:17:08.937Z"}
{"level":"info","message":"Transformation applied","originalPreview":"jdoe...","path":"username","service":"json-obfuscator","strategy":"fake","timestamp":"2026-04-07T03:17:08.938Z"}
{"level":"info","message":"Transformation applied","originalPreview":"4111...","path":"cardNumber","service":"json-obfuscator","strategy":"mask","timestamp":"2026-04-07T03:17:08.938Z"}
{"level":"info","message":"Transformation applied","originalPreview":"742 ...","path":"street","service":"json-obfuscator","strategy":"fake","timestamp":"2026-04-07T03:17:08.939Z"}
{"level":"info","message":"Transformation applied","originalPreview":"1110...","path":"routingNumber","service":"json-obfuscator","strategy":"redact","timestamp":"2026-04-07T03:17:08.940Z"}
{"level":"info","message":"Transformation applied","originalPreview":"Sara...","path":"name","service":"json-obfuscator","strategy":"fake","timestamp":"2026-04-07T03:17:08.944Z"}
{"level":"info","message":"Transformation applied","originalPreview":"sara...","path":"email","service":"json-obfuscator","strategy":"mask","timestamp":"2026-04-07T03:17:08.946Z"}
{"level":"info","message":"Transformation applied","originalPreview":"John...","path":"name","service":"json-obfuscator","strategy":"fake","timestamp":"2026-04-07T03:17:36.144Z"}
{"level":"info","message":"Transformation applied","originalPreview":"john...","path":"email","service":"json-obfuscator","strategy":"mask","timestamp":"2026-04-07T03:17:36.147Z"}
{"level":"info","message":"Transformation applied","originalPreview":"123-...","path":"ssn","service":"json-obfuscator","strategy":"redact","timestamp":"2026-04-07T03:17:36.147Z"}
{"level":"info","message":"Transformation applied","originalPreview":"742 ...","path":"street","service":"json-obfuscator","strategy":"fake","timestamp":"2026-04-07T03:17:36.147Z"}
{"level":"info","message":"Transformation applied","originalPreview":"jdoe...","path":"username","service":"json-obfuscator","strategy":"fake","timestamp":"2026-04-07T03:17:36.154Z"}
{"level":"info","message":"Transformation applied","originalPreview":"Supe...","path":"password","service":"json-obfuscator","strategy":"hash","timestamp":"2026-04-07T03:17:36.157Z"}
{"level":"info","message":"Transformation applied","originalPreview":"4111...","path":"cardNumber","service":"json-obfuscator","strategy":"mask","timestamp":"2026-04-07T03:17:36.177Z"}
{"level":"info","message":"Transformation applied","originalPreview":"742 ...","path":"street","service":"json-obfuscator","strategy":"fake","timestamp":"2026-04-07T03:17:36.177Z"}
{"level":"info","message":"Transformation applied","originalPreview":"1110...","path":"routingNumber","service":"json-obfuscator","strategy":"redact","timestamp":"2026-04-07T03:17:36.177Z"}
{"level":"info","message":"Transformation applied","originalPreview":"Sara...","path":"name","service":"json-obfuscator","strategy":"fake","timestamp":"2026-04-07T03:17:36.177Z"}
{"level":"info","message":"Transformation applied","originalPreview":"sara...","path":"email","service":"json-obfuscator","strategy":"mask","timestamp":"2026-04-07T03:17:36.177Z"}
{"level":"info","message":"Transformation applied","originalPreview":"John...","path":"name","service":"json-obfuscator","strategy":"fake","timestamp":"2026-04-07T03:18:05.130Z"}
{"level":"info","message":"Transformation applied","originalPreview":"john...","path":"email","service":"json-obfuscator","strategy":"mask","timestamp":"2026-04-07T03:18:05.131Z"}
{"level":"info","message":"Transformation applied","originalPreview":"123-...","path":"ssn","service":"json-obfuscator","strategy":"redact","timestamp":"2026-04-07T03:18:05.131Z"}
{"level":"info","message":"Transformation applied","originalPreview":"742 ...","path":"street","service":"json-obfuscator","strategy":"fake","timestamp":"2026-04-07T03:18:05.131Z"}
{"level":"info","message":"Transformation applied","originalPreview":"7700...","path":"zip","service":"json-obfuscator","strategy":"fake","timestamp":"2026-04-07T03:18:05.131Z"}
{"level":"info","message":"Transformation applied","originalPreview":"jdoe...","path":"username","service":"json-obfuscator","strategy":"fake","timestamp":"2026-04-07T03:18:05.131Z"}
{"level":"info","message":"Transformation applied","originalPreview":"Supe...","path":"password","service":"json-obfuscator","strategy":"hash","timestamp":"2026-04-07T03:18:05.131Z"}
{"level":"info","message":"Transformation applied","originalPreview":"4111...","path":"cardNumber","service":"json-obfuscator","strategy":"mask","timestamp":"2026-04-07T03:18:05.131Z"}
{"level":"info","message":"Transformation applied","originalPreview":"742 ...","path":"street","service":"json-obfuscator","strategy":"fake","timestamp":"2026-04-07T03:18:05.131Z"}
{"level":"info","message":"Transformation applied","originalPreview":"7700...","path":"zip","service":"json-obfuscator","strategy":"fake","timestamp":"2026-04-07T03:18:05.132Z"}
{"level":"info","message":"Transformation applied","originalPreview":"1110...","path":"routingNumber","service":"json-obfuscator","strategy":"redact","timestamp":"2026-04-07T03:18:05.132Z"}
{"level":"info","message":"Transformation applied","originalPreview":"Sara...","path":"name","service":"json-obfuscator","strategy":"fake","timestamp":"2026-04-07T03:18:05.132Z"}
{"level":"info","message":"Transformation applied","originalPreview":"sara...","path":"email","service":"json-obfuscator","strategy":"mask","timestamp":"2026-04-07T03:18:05.132Z"}
{"level":"info","message":"Transformation applied","originalPreview":"John...","path":"name","service":"json-obfuscator","strategy":"fake","timestamp":"2026-04-07T03:23:22.908Z"}
{"level":"info","message":"Transformation applied","originalPreview":"john...","path":"email","service":"json-obfuscator","strategy":"mask","timestamp":"2026-04-07T03:23:22.909Z"}
{"level":"info","message":"Transformation applied","originalPreview":"123-...","path":"ssn","service":"json-obfuscator","strategy":"redact","timestamp":"2026-04-07T03:23:22.909Z"}
{"level":"info","message":"Transformation applied","originalPreview":"742 ...","path":"street","service":"json-obfuscator","strategy":"fake","timestamp":"2026-04-07T03:23:22.909Z"}
{"level":"info","message":"Transformation applied","originalPreview":"jdoe...","path":"username","service":"json-obfuscator","strategy":"fake","timestamp":"2026-04-07T03:23:22.910Z"}
{"level":"info","message":"Transformation applied","originalPreview":"4111...","path":"cardNumber","service":"json-obfuscator","strategy":"mask","timestamp":"2026-04-07T03:23:22.911Z"}
{"level":"info","message":"Transformation applied","originalPreview":"742 ...","path":"street","service":"json-obfuscator","strategy":"fake","timestamp":"2026-04-07T03:23:22.911Z"}
{"level":"info","message":"Transformation applied","originalPreview":"1110...","path":"routingNumber","service":"json-obfuscator","strategy":"redact","timestamp":"2026-04-07T03:23:22.912Z"}
{"level":"info","message":"Transformation applied","originalPreview":"Sara...","path":"name","service":"json-obfuscator","strategy":"fake","timestamp":"2026-04-07T03:23:22.912Z"}
{"level":"info","message":"Transformation applied","originalPreview":"sara...","path":"email","service":"json-obfuscator","strategy":"mask","timestamp":"2026-04-07T03:23:22.912Z"}
{"level":"info","message":"Transformation applied","originalPreview":"John...","path":"name","service":"json-obfuscator","strategy":"fake","timestamp":"2026-04-07T03:23:55.029Z"}
{"level":"info","message":"Transformation applied","originalPreview":"john...","path":"email","service":"json-obfuscator","strategy":"mask","timestamp":"2026-04-07T03:23:55.030Z"}
{"level":"info","message":"Transformation applied","originalPreview":"+1-7...","path":"phone","service":"json-obfuscator","strategy":"fake","timestamp":"2026-04-07T03:23:55.030Z"}
{"level":"info","message":"Transformation applied","originalPreview":"123-...","path":"ssn","service":"json-obfuscator","strategy":"redact","timestamp":"2026-04-07T03:23:55.032Z"}
{"level":"info","message":"Transformation applied","originalPreview":"742 ...","path":"street","service":"json-obfuscator","strategy":"fake","timestamp":"2026-04-07T03:23:55.033Z"}
{"level":"info","message":"Transformation applied","originalPreview":"7700...","path":"zip","service":"json-obfuscator","strategy":"fake","timestamp":"2026-04-07T03:23:55.033Z"}
{"level":"info","message":"Transformation applied","originalPreview":"jdoe...","path":"username","service":"json-obfuscator","strategy":"fake","timestamp":"2026-04-07T03:23:55.035Z"}
{"level":"info","message":"Transformation applied","originalPreview":"4111...","path":"cardNumber","service":"json-obfuscator","strategy":"mask","timestamp":"2026-04-07T03:23:55.035Z"}
{"level":"info","message":"Transformation applied","originalPreview":"742 ...","path":"street","service":"json-obfuscator","strategy":"fake","timestamp":"2026-04-07T03:23:55.035Z"}
{"level":"info","message":"Transformation applied","originalPreview":"7700...","path":"zip","service":"json-obfuscator","strategy":"fake","timestamp":"2026-04-07T03:23:55.039Z"}
{"level":"info","message":"Transformation applied","originalPreview":"1110...","path":"routingNumber","service":"json-obfuscator","strategy":"redact","timestamp":"2026-04-07T03:23:55.041Z"}
{"level":"info","message":"Transformation applied","originalPreview":"Sara...","path":"name","service":"json-obfuscator","strategy":"fake","timestamp":"2026-04-07T03:23:55.041Z"}
{"level":"info","message":"Transformation applied","originalPreview":"sara...","path":"email","service":"json-obfuscator","strategy":"mask","timestamp":"2026-04-07T03:23:55.042Z"}
{"level":"info","message":"Transformation applied","originalPreview":"John...","path":"name","service":"json-obfuscator","strategy":"fake","timestamp":"2026-04-07T03:28:18.767Z"}
{"level":"info","message":"Transformation applied","originalPreview":"john...","path":"email","service":"json-obfuscator","strategy":"mask","timestamp":"2026-04-07T03:28:18.768Z"}
{"level":"info","message":"Transformation applied","originalPreview":"+1-7...","path":"phone","service":"json-obfuscator","strategy":"fake","timestamp":"2026-04-07T03:28:18.768Z"}
{"level":"info","message":"Transformation applied","originalPreview":"123-...","path":"ssn","service":"json-obfuscator","strategy":"redact","timestamp":"2026-04-07T03:28:18.768Z"}
{"level":"info","message":"Transformation applied","originalPreview":"742 ...","path":"street","service":"json-obfuscator","strategy":"fake","timestamp":"2026-04-07T03:28:18.768Z"}
{"level":"info","message":"Transformation applied","originalPreview":"Hous...","path":"city","service":"json-obfuscator","strategy":"fake","timestamp":"2026-04-07T03:28:18.768Z"}
{"level":"info","message":"Transformation applied","originalPreview":"TX...","path":"state","service":"json-obfuscator","strategy":"fake","timestamp":"2026-04-07T03:28:18.769Z"}
{"level":"info","message":"Transformation applied","originalPreview":"7700...","path":"zip","service":"json-obfuscator","strategy":"fake","timestamp":"2026-04-07T03:28:18.769Z"}
{"level":"info","message":"Transformation applied","originalPreview":"4111...","path":"cardNumber","service":"json-obfuscator","strategy":"mask","timestamp":"2026-04-07T03:28:18.769Z"}
{"level":"info","message":"Transformation applied","originalPreview":"742 ...","path":"street","service":"json-obfuscator","strategy":"fake","timestamp":"2026-04-07T03:28:18.769Z"}
{"level":"info","message":"Transformation applied","originalPreview":"Hous...","path":"city","service":"json-obfuscator","strategy":"fake","timestamp":"2026-04-07T03:28:18.769Z"}
{"level":"info","message":"Transformation applied","originalPreview":"TX...","path":"state","service":"json-obfuscator","strategy":"fake","timestamp":"2026-04-07T03:28:18.769Z"}
{"level":"info","message":"Transformation applied","originalPreview":"7700...","path":"zip","service":"json-obfuscator","strategy":"fake","timestamp":"2026-04-07T03:28:18.770Z"}
{"level":"info","message":"Transformation applied","originalPreview":"1110...","path":"routingNumber","service":"json-obfuscator","strategy":"redact","timestamp":"2026-04-07T03:28:18.770Z"}
{"level":"info","message":"Transformation applied","originalPreview":"Sara...","path":"name","service":"json-obfuscator","strategy":"fake","timestamp":"2026-04-07T03:28:18.770Z"}
{"level":"info","message":"Transformation applied","originalPreview":"sara...","path":"email","service":"json-obfuscator","strategy":"mask","timestamp":"2026-04-07T03:28:18.770Z"}
